03:13:57.0085 [E][ObjectCreator] Fail to create prefabs : 1 , error = System.ArgumentException: The Object you want to instantiate is null.
  at UnityEngine.Object.CheckNullArgument (System.Object arg, System.String message) [0x00008] in C:\buildslave\unity\build\Runtime\Export\UnityEngineObject.cs:239 
  at UnityEngine.Object.Instantiate (UnityEngine.Object original, UnityEngine.Transform parent, Boolean instantiateInWorldSpace) [0x0001f] in C:\buildslave\unity\build\Runtime\Export\UnityEngineObject.cs:192 
  at ObjectCreator.createPrefabs (System.String prefabs, UnityEngine.GameObject parent, System.String name) [0x00019] in C:\Users\edwin\Desktop\test001\Assets\Scripts\Utils\ObjectCreator.cs:17 
03:15:19.0505 [E][ObjectCreator] Fail to create prefabs : 1 , error = System.ArgumentException: The Object you want to instantiate is null.
  at UnityEngine.Object.CheckNullArgument (System.Object arg, System.String message) [0x00008] in C:\buildslave\unity\build\Runtime\Export\UnityEngineObject.cs:239 
  at UnityEngine.Object.Instantiate (UnityEngine.Object original, UnityEngine.Transform parent, Boolean instantiateInWorldSpace) [0x0001f] in C:\buildslave\unity\build\Runtime\Export\UnityEngineObject.cs:192 
  at ObjectCreator.createPrefabs (System.String prefabs, UnityEngine.GameObject parent, System.String name) [0x00019] in C:\Users\edwin\Desktop\test001\Assets\Scripts\Utils\ObjectCreator.cs:17 
19:49:09.3479 [E][ObjectCreator] Fail to create prefabs : player , error = System.ArgumentException: The Object you want to instantiate is null.
  at UnityEngine.Object.CheckNullArgument (System.Object arg, System.String message) [0x00008] in C:\buildslave\unity\build\Runtime\Export\UnityEngineObject.cs:239 
  at UnityEngine.Object.Instantiate (UnityEngine.Object original, UnityEngine.Transform parent, Boolean instantiateInWorldSpace) [0x0001f] in C:\buildslave\unity\build\Runtime\Export\UnityEngineObject.cs:192 
  at ObjectCreator.createPrefabs (System.String prefabs, UnityEngine.GameObject parent, System.String name) [0x00019] in Y:\Work\Unity\GGJ2018\Assets\Scripts\Utils\ObjectCreator.cs:17 
19:49:59.4369 [E][ObjectCreator] Fail to create prefabs : player , error = System.ArgumentException: The Object you want to instantiate is null.
  at UnityEngine.Object.CheckNullArgument (System.Object arg, System.String message) [0x00008] in C:\buildslave\unity\build\Runtime\Export\UnityEngineObject.cs:239 
  at UnityEngine.Object.Instantiate (UnityEngine.Object original, UnityEngine.Transform parent, Boolean instantiateInWorldSpace) [0x0001f] in C:\buildslave\unity\build\Runtime\Export\UnityEngineObject.cs:192 
  at ObjectCreator.createPrefabs (System.String prefabs, UnityEngine.GameObject parent, System.String name) [0x00019] in Y:\Work\Unity\GGJ2018\Assets\Scripts\Utils\ObjectCreator.cs:17 
21:26:31.0279 [E][ObjectCreator] Fail to create prefabs : player , error = UnityEngine.UnassignedReferenceException: The variable player of MainProc has not been assigned.
You probably need to assign the player variable of the MainProc script in the inspector.
  at (wrapper managed-to-native) UnityEngine.GameObject:get_transform ()
  at ObjectCreator.createPrefabs (System.String prefabs, UnityEngine.GameObject parent, System.String name) [0x00013] in Y:\Work\Unity\GGJ2018\Assets\Scripts\Utils\ObjectCreator.cs:17 
23:57:14.8629 [L][EventManager] Add Listener : event = JumpEnd, callback = Script (MainProc).Void Explosion(System.Object)
23:57:17.8199 [L][EventManager] Dispatch Event : event = JumpEndargs = 
23:57:17.8239 [L][EventManager] Remove Listener : event = JumpEnd, callback = Script (MainProc).Void Explosion(System.Object)
23:57:17.8279 [E][ObjectCreator] Fail to create prefabs : wave , error = UnityEngine.UnassignedReferenceException: The variable wave of MainProc has not been assigned.
You probably need to assign the wave variable of the MainProc script in the inspector.
  at (wrapper managed-to-native) UnityEngine.GameObject:get_transform ()
  at ObjectCreator.createPrefabs (System.String prefabs, UnityEngine.GameObject parent, System.String name) [0x00013] in Y:\Work\Unity\GGJ2018\Assets\Scripts\Utils\ObjectCreator.cs:17 
23:57:40.1179 [L][EventManager] Add Listener : event = JumpEnd, callback = Script (MainProc).Void Explosion(System.Object)
23:57:43.0989 [L][EventManager] Dispatch Event : event = JumpEndargs = 
23:57:43.1029 [L][EventManager] Remove Listener : event = JumpEnd, callback = Script (MainProc).Void Explosion(System.Object)
